
The following files have been resolved:
   org.springframework.boot:spring-boot-starter-web:jar:1.3.2.RELEASE:compile
   com.google.code.findbugs:jsr305:jar:2.0.1:compile
   org.springframework:spring-expression:jar:4.2.4.RELEASE:compile
   org.atteo:evo-inflector:jar:1.2.1:compile
   org.springframework.boot:spring-boot-starter-security:jar:1.3.2.RELEASE:compile
   org.springframework:spring-beans:jar:4.2.4.RELEASE:compile
   aopalliance:aopalliance:jar:1.0:compile
   org.slf4j:log4j-over-slf4j:jar:1.7.13:compile
   org.springframework.boot:spring-boot-starter-logging:jar:1.3.2.RELEASE:compile
   com.fasterxml.jackson.core:jackson-databind:jar:2.6.5:compile
   org.springframework.boot:spring-boot-starter-aop:jar:1.3.2.RELEASE:compile
   org.springframework.boot:spring-boot-starter-jdbc:jar:1.3.2.RELEASE:compile
   org.springframework.data:spring-data-rest-webmvc:jar:2.4.2.RELEASE:compile
   org.aspectj:aspectjweaver:jar:1.8.8:compile
   xml-apis:xml-apis:jar:1.0.b2:compile
   org.springframework.hateoas:spring-hateoas:jar:0.19.0.RELEASE:compile
   org.apache.tomcat.embed:tomcat-embed-el:jar:8.0.30:compile
   com.fasterxml.jackson.core:jackson-annotations:jar:2.6.5:compile
   org.springframework.security:spring-security-web:jar:4.0.2.RELEASE:compile
   org.springframework.boot:spring-boot-starter-data-jpa:jar:1.3.2.RELEASE:compile
   antlr:antlr:jar:2.7.7:compile
   org.springframework:spring-aop:jar:4.2.4.RELEASE:compile
   ch.qos.logback:logback-classic:jar:1.1.3:compile
   com.fasterxml:classmate:jar:1.1.0:compile
   org.springframework.boot:spring-boot-actuator:jar:1.3.2.RELEASE:compile
   org.apache.tomcat:tomcat-juli:jar:8.0.30:compile
   org.eclipse.jetty.orbit:javax.servlet:jar:3.0.0.v201112011016:compile
   org.slf4j:slf4j-api:jar:1.7.13:compile
   org.springframework:spring-orm:jar:4.2.4.RELEASE:compile
   org.apache.tomcat:tomcat-jdbc:jar:8.0.30:compile
   org.springframework.boot:spring-boot-starter:jar:1.3.2.RELEASE:compile
   org.springframework.boot:spring-boot-starter-tomcat:jar:1.3.2.RELEASE:compile
   org.apache.tomcat.embed:tomcat-embed-core:jar:8.0.30:compile
   org.hibernate:hibernate-validator:jar:5.2.2.Final:compile
   com.google.guava:guava:jar:16.0.1:compile
   org.springframework:spring-webmvc:jar:4.2.4.RELEASE:compile
   com.github.fge:btf:jar:1.2:compile
   org.springframework.boot:spring-boot-starter-actuator:jar:1.3.2.RELEASE:compile
   org.slf4j:jul-to-slf4j:jar:1.7.13:compile
   javax.validation:validation-api:jar:1.1.0.Final:compile
   org.springframework:spring-web:jar:4.2.4.RELEASE:compile
   org.springframework.boot:spring-boot-starter-data-rest:jar:1.3.2.RELEASE:compile
   dom4j:dom4j:jar:1.6.1:compile
   org.apache.tomcat.embed:tomcat-embed-logging-juli:jar:8.0.30:compile
   org.apache.tomcat.embed:tomcat-embed-websocket:jar:8.0.30:compile
   org.springframework.data:spring-data-commons:jar:1.11.2.RELEASE:compile
   com.github.fge:msg-simple:jar:1.1:compile
   org.yaml:snakeyaml:jar:1.16:runtime
   org.springframework.security:spring-security-core:jar:4.0.2.RELEASE:compile
   org.hibernate:hibernate-core:jar:4.3.11.Final:compile
   ch.qos.logback:logback-core:jar:1.1.3:compile
   org.springframework:spring-tx:jar:4.2.4.RELEASE:compile
   org.springframework.data:spring-data-rest-core:jar:2.4.2.RELEASE:compile
   org.jboss:jandex:jar:1.1.0.Final:compile
   org.hibernate.javax.persistence:hibernate-jpa-2.1-api:jar:1.0.0.Final:compile
   com.github.fge:json-patch:jar:1.7:compile
   com.fasterxml.jackson.core:jackson-core:jar:2.6.5:compile
   org.springframework:spring-core:jar:4.2.4.RELEASE:compile
   org.hibernate:hibernate-entitymanager:jar:4.3.11.Final:compile
   org.javassist:javassist:jar:3.18.1-GA:compile
   org.springframework.boot:spring-boot:jar:1.3.2.RELEASE:compile
   org.hibernate.common:hibernate-commons-annotations:jar:4.0.5.Final:compile
   org.springframework.data:spring-data-jpa:jar:1.9.2.RELEASE:compile
   org.slf4j:jcl-over-slf4j:jar:1.7.13:compile
   org.springframework.boot:spring-boot-starter-validation:jar:1.3.2.RELEASE:compile
   org.jboss.logging:jboss-logging-annotations:jar:1.2.0.Beta1:compile
   org.springframework:spring-aspects:jar:4.2.4.RELEASE:compile
   javax.transaction:javax.transaction-api:jar:1.2:compile
   org.springframework:spring-jdbc:jar:4.2.4.RELEASE:compile
   com.github.fge:jackson-coreutils:jar:1.6:compile
   org.springframework.plugin:spring-plugin-core:jar:1.2.0.RELEASE:compile
   org.springframework.security:spring-security-config:jar:4.0.2.RELEASE:compile
   org.springframework:spring-context:jar:4.2.4.RELEASE:compile
   org.springframework.boot:spring-boot-autoconfigure:jar:1.3.2.RELEASE:compile
   postgresql:postgresql:jar:9.1-901-1.jdbc4:compile
   org.jboss.logging:jboss-logging:jar:3.3.0.Final:compile

